c:\users\jmd\source\repos\dsdriver\dsapp\x64\debug\vc143.pdb
c:\users\jmd\source\repos\dsdriver\dsapp\x64\debug\vc143.idb
c:\users\jmd\source\repos\dsdriver\dsapp\x64\debug\ioctl.obj
c:\users\jmd\source\repos\dsdriver\dsapp\x64\debug\dsapp.obj
c:\users\jmd\source\repos\dsdriver\dsapp\x64\debug\driver.obj
c:\users\jmd\source\repos\dsdriver\dsapp\x64\debug\helpers.obj
c:\users\jmd\source\repos\dsdriver\dsapp\x64\debug\commandfunctions.obj
e:\learning-certs\notes\dsdriver\dsapp\x64\debug\vc143.pdb
e:\learning-certs\notes\dsdriver\dsapp\x64\debug\vc143.idb
e:\learning-certs\notes\dsdriver\dsapp\x64\debug\ioctl.obj
c:\users\jmd\source\repos\dsdriver\x64\debug\dsapp.exe
c:\users\jmd\source\repos\dsdriver\x64\debug\dsapp.pdb
c:\users\jmd\source\repos\dsdriver\dsapp\x64\debug\dsapp.ilk
e:\learning-certs\notes\dsdriver\dsapp\x64\debug\commandfunctions.obj
e:\learning-certs\notes\dsdriver\dsapp\x64\debug\driver.obj
e:\learning-certs\notes\dsdriver\dsapp\x64\debug\dsapp.obj
e:\learning-certs\notes\dsdriver\dsapp\x64\debug\helpers.obj
e:\learning-certs\notes\dsdriver\dsapp\x64\debug\dsapp.ilk
e:\learning-certs\notes\dsdriver\dsapp\x64\debug\dsapp.tlog\cl.command.1.tlog
e:\learning-certs\notes\dsdriver\dsapp\x64\debug\dsapp.tlog\cl.items.tlog
e:\learning-certs\notes\dsdriver\dsapp\x64\debug\dsapp.tlog\cl.read.1.tlog
e:\learning-certs\notes\dsdriver\dsapp\x64\debug\dsapp.tlog\cl.write.1.tlog
e:\learning-certs\notes\dsdriver\dsapp\x64\debug\dsapp.tlog\link.command.1.tlog
e:\learning-certs\notes\dsdriver\dsapp\x64\debug\dsapp.tlog\link.read.1.tlog
e:\learning-certs\notes\dsdriver\dsapp\x64\debug\dsapp.tlog\link.secondary.1.tlog
e:\learning-certs\notes\dsdriver\dsapp\x64\debug\dsapp.tlog\link.write.1.tlog
