e:\learning-certs\notes\dsdriver\dsdriver\x64\debug\vc143.pdb
e:\learning-certs\notes\dsdriver\dsdriver\x64\debug\helpers.obj
e:\learning-certs\notes\dsdriver\dsdriver\x64\debug\driver.obj
e:\learning-certs\notes\dsdriver\dsdriver\x64\debug\device.obj
e:\learning-certs\notes\dsdriver\x64\debug\dsdriver\dsdriver.cat
c:\users\jmd\source\repos\dsdriver\x64\debug\dsdriver.sys
c:\users\jmd\source\repos\dsdriver\x64\debug\dsdriver.pdb
e:\learning-certs\notes\dsdriver\x64\debug\dsdriver.sys
e:\learning-certs\notes\dsdriver\x64\debug\dsdriver.pdb
e:\learning-certs\notes\dsdriver\dsdriver\x64\debug\main.obj
c:\users\jmd\source\repos\dsdriver\x64\debug\dsdriver\dsdriver.cat
c:\users\jmd\source\repos\dsdriver\dsdriver\x64\debug\dsdriver.inf
e:\learning-certs\notes\dsdriver\dsdriver\x64\debug\dsdriver.inf
e:\learning-certs\notes\dsdriver\x64\debug\dsdriver.cer
e:\learning-certs\notes\dsdriver\x64\debug\dsdriver.inf
e:\learning-certs\notes\dsdriver\dsdriver\x64\debug\dsdriver.tlog\cl.command.1.tlog
e:\learning-certs\notes\dsdriver\dsdriver\x64\debug\dsdriver.tlog\cl.items.tlog
e:\learning-certs\notes\dsdriver\dsdriver\x64\debug\dsdriver.tlog\cl.read.1.tlog
e:\learning-certs\notes\dsdriver\dsdriver\x64\debug\dsdriver.tlog\cl.write.1.tlog
e:\learning-certs\notes\dsdriver\dsdriver\x64\debug\dsdriver.tlog\inf2cat-expand.141268.read.1.tlog
e:\learning-certs\notes\dsdriver\dsdriver\x64\debug\dsdriver.tlog\inf2cat-expand.141268.write.1.tlog
e:\learning-certs\notes\dsdriver\dsdriver\x64\debug\dsdriver.tlog\inf2cat-expand.145392.read.1.tlog
e:\learning-certs\notes\dsdriver\dsdriver\x64\debug\dsdriver.tlog\inf2cat-expand.145392.write.1.tlog
e:\learning-certs\notes\dsdriver\dsdriver\x64\debug\dsdriver.tlog\inf2cat-expand.15120.read.1.tlog
e:\learning-certs\notes\dsdriver\dsdriver\x64\debug\dsdriver.tlog\inf2cat-expand.15120.write.1.tlog
e:\learning-certs\notes\dsdriver\dsdriver\x64\debug\dsdriver.tlog\inf2cat-expand.184988.read.1.tlog
e:\learning-certs\notes\dsdriver\dsdriver\x64\debug\dsdriver.tlog\inf2cat-expand.184988.write.1.tlog
e:\learning-certs\notes\dsdriver\dsdriver\x64\debug\dsdriver.tlog\inf2cat-expand.18516.read.1.tlog
e:\learning-certs\notes\dsdriver\dsdriver\x64\debug\dsdriver.tlog\inf2cat-expand.18516.write.1.tlog
e:\learning-certs\notes\dsdriver\dsdriver\x64\debug\dsdriver.tlog\inf2cat-expand.18616.read.1.tlog
e:\learning-certs\notes\dsdriver\dsdriver\x64\debug\dsdriver.tlog\inf2cat-expand.18616.write.1.tlog
e:\learning-certs\notes\dsdriver\dsdriver\x64\debug\dsdriver.tlog\inf2cat-expand.188212.read.1.tlog
e:\learning-certs\notes\dsdriver\dsdriver\x64\debug\dsdriver.tlog\inf2cat-expand.188212.write.1.tlog
e:\learning-certs\notes\dsdriver\dsdriver\x64\debug\dsdriver.tlog\inf2cat-expand.188284.read.1.tlog
e:\learning-certs\notes\dsdriver\dsdriver\x64\debug\dsdriver.tlog\inf2cat-expand.188284.write.1.tlog
e:\learning-certs\notes\dsdriver\dsdriver\x64\debug\dsdriver.tlog\inf2cat-expand.20264.read.1.tlog
e:\learning-certs\notes\dsdriver\dsdriver\x64\debug\dsdriver.tlog\inf2cat-expand.20264.write.1.tlog
e:\learning-certs\notes\dsdriver\dsdriver\x64\debug\dsdriver.tlog\inf2cat-expand.209384.read.1.tlog
e:\learning-certs\notes\dsdriver\dsdriver\x64\debug\dsdriver.tlog\inf2cat-expand.209384.write.1.tlog
e:\learning-certs\notes\dsdriver\dsdriver\x64\debug\dsdriver.tlog\inf2cat-expand.213512.read.1.tlog
e:\learning-certs\notes\dsdriver\dsdriver\x64\debug\dsdriver.tlog\inf2cat-expand.213512.write.1.tlog
e:\learning-certs\notes\dsdriver\dsdriver\x64\debug\dsdriver.tlog\inf2cat-expand.215056.read.1.tlog
e:\learning-certs\notes\dsdriver\dsdriver\x64\debug\dsdriver.tlog\inf2cat-expand.215056.write.1.tlog
e:\learning-certs\notes\dsdriver\dsdriver\x64\debug\dsdriver.tlog\inf2cat-expand.222656.read.1.tlog
e:\learning-certs\notes\dsdriver\dsdriver\x64\debug\dsdriver.tlog\inf2cat-expand.222656.write.1.tlog
e:\learning-certs\notes\dsdriver\dsdriver\x64\debug\dsdriver.tlog\inf2cat-expand.223624.read.1.tlog
e:\learning-certs\notes\dsdriver\dsdriver\x64\debug\dsdriver.tlog\inf2cat-expand.223624.write.1.tlog
e:\learning-certs\notes\dsdriver\dsdriver\x64\debug\dsdriver.tlog\inf2cat-expand.225372.read.1.tlog
e:\learning-certs\notes\dsdriver\dsdriver\x64\debug\dsdriver.tlog\inf2cat-expand.225372.write.1.tlog
e:\learning-certs\notes\dsdriver\dsdriver\x64\debug\dsdriver.tlog\inf2cat-expand.227388.read.1.tlog
e:\learning-certs\notes\dsdriver\dsdriver\x64\debug\dsdriver.tlog\inf2cat-expand.227388.write.1.tlog
e:\learning-certs\notes\dsdriver\dsdriver\x64\debug\dsdriver.tlog\inf2cat-expand.228348.read.1.tlog
e:\learning-certs\notes\dsdriver\dsdriver\x64\debug\dsdriver.tlog\inf2cat-expand.228348.write.1.tlog
e:\learning-certs\notes\dsdriver\dsdriver\x64\debug\dsdriver.tlog\inf2cat-expand.229072.read.1.tlog
e:\learning-certs\notes\dsdriver\dsdriver\x64\debug\dsdriver.tlog\inf2cat-expand.229072.write.1.tlog
e:\learning-certs\notes\dsdriver\dsdriver\x64\debug\dsdriver.tlog\inf2cat-expand.229828.read.1.tlog
e:\learning-certs\notes\dsdriver\dsdriver\x64\debug\dsdriver.tlog\inf2cat-expand.229828.write.1.tlog
e:\learning-certs\notes\dsdriver\dsdriver\x64\debug\dsdriver.tlog\inf2cat-expand.230160.read.1.tlog
e:\learning-certs\notes\dsdriver\dsdriver\x64\debug\dsdriver.tlog\inf2cat-expand.230160.write.1.tlog
e:\learning-certs\notes\dsdriver\dsdriver\x64\debug\dsdriver.tlog\inf2cat-expand.230476.read.1.tlog
e:\learning-certs\notes\dsdriver\dsdriver\x64\debug\dsdriver.tlog\inf2cat-expand.230476.write.1.tlog
e:\learning-certs\notes\dsdriver\dsdriver\x64\debug\dsdriver.tlog\inf2cat-expand.230736.read.1.tlog
e:\learning-certs\notes\dsdriver\dsdriver\x64\debug\dsdriver.tlog\inf2cat-expand.230736.write.1.tlog
e:\learning-certs\notes\dsdriver\dsdriver\x64\debug\dsdriver.tlog\inf2cat-expand.231404.read.1.tlog
e:\learning-certs\notes\dsdriver\dsdriver\x64\debug\dsdriver.tlog\inf2cat-expand.231404.write.1.tlog
e:\learning-certs\notes\dsdriver\dsdriver\x64\debug\dsdriver.tlog\inf2cat-expand.232012.read.1.tlog
e:\learning-certs\notes\dsdriver\dsdriver\x64\debug\dsdriver.tlog\inf2cat-expand.232012.write.1.tlog
e:\learning-certs\notes\dsdriver\dsdriver\x64\debug\dsdriver.tlog\inf2cat-expand.232040.read.1.tlog
e:\learning-certs\notes\dsdriver\dsdriver\x64\debug\dsdriver.tlog\inf2cat-expand.232040.write.1.tlog
e:\learning-certs\notes\dsdriver\dsdriver\x64\debug\dsdriver.tlog\inf2cat-expand.233460.read.1.tlog
e:\learning-certs\notes\dsdriver\dsdriver\x64\debug\dsdriver.tlog\inf2cat-expand.233460.write.1.tlog
e:\learning-certs\notes\dsdriver\dsdriver\x64\debug\dsdriver.tlog\inf2cat-expand.233740.read.1.tlog
e:\learning-certs\notes\dsdriver\dsdriver\x64\debug\dsdriver.tlog\inf2cat-expand.233740.write.1.tlog
e:\learning-certs\notes\dsdriver\dsdriver\x64\debug\dsdriver.tlog\inf2cat-expand.234200.read.1.tlog
e:\learning-certs\notes\dsdriver\dsdriver\x64\debug\dsdriver.tlog\inf2cat-expand.234200.write.1.tlog
e:\learning-certs\notes\dsdriver\dsdriver\x64\debug\dsdriver.tlog\inf2cat-expand.234632.read.1.tlog
e:\learning-certs\notes\dsdriver\dsdriver\x64\debug\dsdriver.tlog\inf2cat-expand.234632.write.1.tlog
e:\learning-certs\notes\dsdriver\dsdriver\x64\debug\dsdriver.tlog\inf2cat-expand.234696.read.1.tlog
e:\learning-certs\notes\dsdriver\dsdriver\x64\debug\dsdriver.tlog\inf2cat-expand.234696.write.1.tlog
e:\learning-certs\notes\dsdriver\dsdriver\x64\debug\dsdriver.tlog\inf2cat-expand.235004.read.1.tlog
e:\learning-certs\notes\dsdriver\dsdriver\x64\debug\dsdriver.tlog\inf2cat-expand.235004.write.1.tlog
e:\learning-certs\notes\dsdriver\dsdriver\x64\debug\dsdriver.tlog\inf2cat-expand.235016.read.1.tlog
e:\learning-certs\notes\dsdriver\dsdriver\x64\debug\dsdriver.tlog\inf2cat-expand.235016.write.1.tlog
e:\learning-certs\notes\dsdriver\dsdriver\x64\debug\dsdriver.tlog\inf2cat-expand.235696.read.1.tlog
e:\learning-certs\notes\dsdriver\dsdriver\x64\debug\dsdriver.tlog\inf2cat-expand.235696.write.1.tlog
e:\learning-certs\notes\dsdriver\dsdriver\x64\debug\dsdriver.tlog\inf2cat-expand.236004.read.1.tlog
e:\learning-certs\notes\dsdriver\dsdriver\x64\debug\dsdriver.tlog\inf2cat-expand.236004.write.1.tlog
e:\learning-certs\notes\dsdriver\dsdriver\x64\debug\dsdriver.tlog\inf2cat-expand.236860.read.1.tlog
e:\learning-certs\notes\dsdriver\dsdriver\x64\debug\dsdriver.tlog\inf2cat-expand.236860.write.1.tlog
e:\learning-certs\notes\dsdriver\dsdriver\x64\debug\dsdriver.tlog\inf2cat-expand.237116.read.1.tlog
e:\learning-certs\notes\dsdriver\dsdriver\x64\debug\dsdriver.tlog\inf2cat-expand.237116.write.1.tlog
e:\learning-certs\notes\dsdriver\dsdriver\x64\debug\dsdriver.tlog\inf2cat-expand.237728.read.1.tlog
e:\learning-certs\notes\dsdriver\dsdriver\x64\debug\dsdriver.tlog\inf2cat-expand.237728.write.1.tlog
e:\learning-certs\notes\dsdriver\dsdriver\x64\debug\dsdriver.tlog\inf2cat-expand.237768.read.1.tlog
e:\learning-certs\notes\dsdriver\dsdriver\x64\debug\dsdriver.tlog\inf2cat-expand.237768.write.1.tlog
e:\learning-certs\notes\dsdriver\dsdriver\x64\debug\dsdriver.tlog\inf2cat-expand.237932.read.1.tlog
e:\learning-certs\notes\dsdriver\dsdriver\x64\debug\dsdriver.tlog\inf2cat-expand.237932.write.1.tlog
e:\learning-certs\notes\dsdriver\dsdriver\x64\debug\dsdriver.tlog\inf2cat-expand.239540.read.1.tlog
e:\learning-certs\notes\dsdriver\dsdriver\x64\debug\dsdriver.tlog\inf2cat-expand.239540.write.1.tlog
e:\learning-certs\notes\dsdriver\dsdriver\x64\debug\dsdriver.tlog\inf2cat-expand.239596.read.1.tlog
e:\learning-certs\notes\dsdriver\dsdriver\x64\debug\dsdriver.tlog\inf2cat-expand.239596.write.1.tlog
e:\learning-certs\notes\dsdriver\dsdriver\x64\debug\dsdriver.tlog\inf2cat-expand.240088.read.1.tlog
e:\learning-certs\notes\dsdriver\dsdriver\x64\debug\dsdriver.tlog\inf2cat-expand.240088.write.1.tlog
e:\learning-certs\notes\dsdriver\dsdriver\x64\debug\dsdriver.tlog\inf2cat-expand.240584.read.1.tlog
e:\learning-certs\notes\dsdriver\dsdriver\x64\debug\dsdriver.tlog\inf2cat-expand.240584.write.1.tlog
e:\learning-certs\notes\dsdriver\dsdriver\x64\debug\dsdriver.tlog\inf2cat-expand.240632.read.1.tlog
e:\learning-certs\notes\dsdriver\dsdriver\x64\debug\dsdriver.tlog\inf2cat-expand.240632.write.1.tlog
e:\learning-certs\notes\dsdriver\dsdriver\x64\debug\dsdriver.tlog\inf2cat-expand.240660.read.1.tlog
e:\learning-certs\notes\dsdriver\dsdriver\x64\debug\dsdriver.tlog\inf2cat-expand.240660.write.1.tlog
e:\learning-certs\notes\dsdriver\dsdriver\x64\debug\dsdriver.tlog\inf2cat-expand.240740.read.1.tlog
e:\learning-certs\notes\dsdriver\dsdriver\x64\debug\dsdriver.tlog\inf2cat-expand.240740.write.1.tlog
e:\learning-certs\notes\dsdriver\dsdriver\x64\debug\dsdriver.tlog\inf2cat-expand.240808.read.1.tlog
e:\learning-certs\notes\dsdriver\dsdriver\x64\debug\dsdriver.tlog\inf2cat-expand.240808.write.1.tlog
e:\learning-certs\notes\dsdriver\dsdriver\x64\debug\dsdriver.tlog\inf2cat-expand.241052.read.1.tlog
e:\learning-certs\notes\dsdriver\dsdriver\x64\debug\dsdriver.tlog\inf2cat-expand.241052.write.1.tlog
e:\learning-certs\notes\dsdriver\dsdriver\x64\debug\dsdriver.tlog\inf2cat-expand.241416.read.1.tlog
e:\learning-certs\notes\dsdriver\dsdriver\x64\debug\dsdriver.tlog\inf2cat-expand.241416.write.1.tlog
e:\learning-certs\notes\dsdriver\dsdriver\x64\debug\dsdriver.tlog\inf2cat-expand.243360.read.1.tlog
e:\learning-certs\notes\dsdriver\dsdriver\x64\debug\dsdriver.tlog\inf2cat-expand.243360.write.1.tlog
e:\learning-certs\notes\dsdriver\dsdriver\x64\debug\dsdriver.tlog\inf2cat-expand.243876.read.1.tlog
e:\learning-certs\notes\dsdriver\dsdriver\x64\debug\dsdriver.tlog\inf2cat-expand.243876.write.1.tlog
e:\learning-certs\notes\dsdriver\dsdriver\x64\debug\dsdriver.tlog\inf2cat-expand.244332.read.1.tlog
e:\learning-certs\notes\dsdriver\dsdriver\x64\debug\dsdriver.tlog\inf2cat-expand.244332.write.1.tlog
e:\learning-certs\notes\dsdriver\dsdriver\x64\debug\dsdriver.tlog\inf2cat-expand.244808.read.1.tlog
e:\learning-certs\notes\dsdriver\dsdriver\x64\debug\dsdriver.tlog\inf2cat-expand.244808.write.1.tlog
e:\learning-certs\notes\dsdriver\dsdriver\x64\debug\dsdriver.tlog\inf2cat-expand.244948.read.1.tlog
e:\learning-certs\notes\dsdriver\dsdriver\x64\debug\dsdriver.tlog\inf2cat-expand.244948.write.1.tlog
e:\learning-certs\notes\dsdriver\dsdriver\x64\debug\dsdriver.tlog\inf2cat-expand.245840.read.1.tlog
e:\learning-certs\notes\dsdriver\dsdriver\x64\debug\dsdriver.tlog\inf2cat-expand.245840.write.1.tlog
e:\learning-certs\notes\dsdriver\dsdriver\x64\debug\dsdriver.tlog\inf2cat-expand.245884.read.1.tlog
e:\learning-certs\notes\dsdriver\dsdriver\x64\debug\dsdriver.tlog\inf2cat-expand.245884.write.1.tlog
e:\learning-certs\notes\dsdriver\dsdriver\x64\debug\dsdriver.tlog\inf2cat-expand.245940.read.1.tlog
e:\learning-certs\notes\dsdriver\dsdriver\x64\debug\dsdriver.tlog\inf2cat-expand.245940.write.1.tlog
e:\learning-certs\notes\dsdriver\dsdriver\x64\debug\dsdriver.tlog\inf2cat-expand.246224.read.1.tlog
e:\learning-certs\notes\dsdriver\dsdriver\x64\debug\dsdriver.tlog\inf2cat-expand.246224.write.1.tlog
e:\learning-certs\notes\dsdriver\dsdriver\x64\debug\dsdriver.tlog\inf2cat-expand.246596.read.1.tlog
e:\learning-certs\notes\dsdriver\dsdriver\x64\debug\dsdriver.tlog\inf2cat-expand.246596.write.1.tlog
e:\learning-certs\notes\dsdriver\dsdriver\x64\debug\dsdriver.tlog\inf2cat-expand.247180.read.1.tlog
e:\learning-certs\notes\dsdriver\dsdriver\x64\debug\dsdriver.tlog\inf2cat-expand.247180.write.1.tlog
e:\learning-certs\notes\dsdriver\dsdriver\x64\debug\dsdriver.tlog\inf2cat-expand.247328.read.1.tlog
e:\learning-certs\notes\dsdriver\dsdriver\x64\debug\dsdriver.tlog\inf2cat-expand.247328.write.1.tlog
e:\learning-certs\notes\dsdriver\dsdriver\x64\debug\dsdriver.tlog\inf2cat-expand.247404.read.1.tlog
e:\learning-certs\notes\dsdriver\dsdriver\x64\debug\dsdriver.tlog\inf2cat-expand.247404.write.1.tlog
e:\learning-certs\notes\dsdriver\dsdriver\x64\debug\dsdriver.tlog\inf2cat-expand.247700.read.1.tlog
e:\learning-certs\notes\dsdriver\dsdriver\x64\debug\dsdriver.tlog\inf2cat-expand.247700.write.1.tlog
e:\learning-certs\notes\dsdriver\dsdriver\x64\debug\dsdriver.tlog\inf2cat-expand.247828.read.1.tlog
e:\learning-certs\notes\dsdriver\dsdriver\x64\debug\dsdriver.tlog\inf2cat-expand.247828.write.1.tlog
e:\learning-certs\notes\dsdriver\dsdriver\x64\debug\dsdriver.tlog\inf2cat-expand.248004.read.1.tlog
e:\learning-certs\notes\dsdriver\dsdriver\x64\debug\dsdriver.tlog\inf2cat-expand.248004.write.1.tlog
e:\learning-certs\notes\dsdriver\dsdriver\x64\debug\dsdriver.tlog\inf2cat-expand.248104.read.1.tlog
e:\learning-certs\notes\dsdriver\dsdriver\x64\debug\dsdriver.tlog\inf2cat-expand.248104.write.1.tlog
e:\learning-certs\notes\dsdriver\dsdriver\x64\debug\dsdriver.tlog\inf2cat-expand.248136.read.1.tlog
e:\learning-certs\notes\dsdriver\dsdriver\x64\debug\dsdriver.tlog\inf2cat-expand.248136.write.1.tlog
e:\learning-certs\notes\dsdriver\dsdriver\x64\debug\dsdriver.tlog\inf2cat-expand.248408.read.1.tlog
e:\learning-certs\notes\dsdriver\dsdriver\x64\debug\dsdriver.tlog\inf2cat-expand.248408.write.1.tlog
e:\learning-certs\notes\dsdriver\dsdriver\x64\debug\dsdriver.tlog\inf2cat-expand.248704.read.1.tlog
e:\learning-certs\notes\dsdriver\dsdriver\x64\debug\dsdriver.tlog\inf2cat-expand.248704.write.1.tlog
e:\learning-certs\notes\dsdriver\dsdriver\x64\debug\dsdriver.tlog\inf2cat-expand.248968.read.1.tlog
e:\learning-certs\notes\dsdriver\dsdriver\x64\debug\dsdriver.tlog\inf2cat-expand.248968.write.1.tlog
e:\learning-certs\notes\dsdriver\dsdriver\x64\debug\dsdriver.tlog\inf2cat-expand.249388.read.1.tlog
e:\learning-certs\notes\dsdriver\dsdriver\x64\debug\dsdriver.tlog\inf2cat-expand.249388.write.1.tlog
e:\learning-certs\notes\dsdriver\dsdriver\x64\debug\dsdriver.tlog\inf2cat-expand.249392.read.1.tlog
e:\learning-certs\notes\dsdriver\dsdriver\x64\debug\dsdriver.tlog\inf2cat-expand.249392.write.1.tlog
e:\learning-certs\notes\dsdriver\dsdriver\x64\debug\dsdriver.tlog\inf2cat-expand.249624.read.1.tlog
e:\learning-certs\notes\dsdriver\dsdriver\x64\debug\dsdriver.tlog\inf2cat-expand.249624.write.1.tlog
e:\learning-certs\notes\dsdriver\dsdriver\x64\debug\dsdriver.tlog\inf2cat-expand.250096.read.1.tlog
e:\learning-certs\notes\dsdriver\dsdriver\x64\debug\dsdriver.tlog\inf2cat-expand.250096.write.1.tlog
e:\learning-certs\notes\dsdriver\dsdriver\x64\debug\dsdriver.tlog\inf2cat-expand.250360.read.1.tlog
e:\learning-certs\notes\dsdriver\dsdriver\x64\debug\dsdriver.tlog\inf2cat-expand.250360.write.1.tlog
e:\learning-certs\notes\dsdriver\dsdriver\x64\debug\dsdriver.tlog\inf2cat-expand.250552.read.1.tlog
e:\learning-certs\notes\dsdriver\dsdriver\x64\debug\dsdriver.tlog\inf2cat-expand.250552.write.1.tlog
e:\learning-certs\notes\dsdriver\dsdriver\x64\debug\dsdriver.tlog\inf2cat-expand.250936.read.1.tlog
e:\learning-certs\notes\dsdriver\dsdriver\x64\debug\dsdriver.tlog\inf2cat-expand.250936.write.1.tlog
e:\learning-certs\notes\dsdriver\dsdriver\x64\debug\dsdriver.tlog\inf2cat-expand.251004.read.1.tlog
e:\learning-certs\notes\dsdriver\dsdriver\x64\debug\dsdriver.tlog\inf2cat-expand.251004.write.1.tlog
e:\learning-certs\notes\dsdriver\dsdriver\x64\debug\dsdriver.tlog\inf2cat-expand.251552.read.1.tlog
e:\learning-certs\notes\dsdriver\dsdriver\x64\debug\dsdriver.tlog\inf2cat-expand.251552.write.1.tlog
e:\learning-certs\notes\dsdriver\dsdriver\x64\debug\dsdriver.tlog\inf2cat-expand.251940.read.1.tlog
e:\learning-certs\notes\dsdriver\dsdriver\x64\debug\dsdriver.tlog\inf2cat-expand.251940.write.1.tlog
e:\learning-certs\notes\dsdriver\dsdriver\x64\debug\dsdriver.tlog\inf2cat-expand.252356.read.1.tlog
e:\learning-certs\notes\dsdriver\dsdriver\x64\debug\dsdriver.tlog\inf2cat-expand.252356.write.1.tlog
e:\learning-certs\notes\dsdriver\dsdriver\x64\debug\dsdriver.tlog\inf2cat-expand.252660.read.1.tlog
e:\learning-certs\notes\dsdriver\dsdriver\x64\debug\dsdriver.tlog\inf2cat-expand.252660.write.1.tlog
e:\learning-certs\notes\dsdriver\dsdriver\x64\debug\dsdriver.tlog\inf2cat-expand.253072.read.1.tlog
e:\learning-certs\notes\dsdriver\dsdriver\x64\debug\dsdriver.tlog\inf2cat-expand.253072.write.1.tlog
e:\learning-certs\notes\dsdriver\dsdriver\x64\debug\dsdriver.tlog\inf2cat-expand.253120.read.1.tlog
e:\learning-certs\notes\dsdriver\dsdriver\x64\debug\dsdriver.tlog\inf2cat-expand.253120.write.1.tlog
e:\learning-certs\notes\dsdriver\dsdriver\x64\debug\dsdriver.tlog\inf2cat-expand.253436.read.1.tlog
e:\learning-certs\notes\dsdriver\dsdriver\x64\debug\dsdriver.tlog\inf2cat-expand.253436.write.1.tlog
e:\learning-certs\notes\dsdriver\dsdriver\x64\debug\dsdriver.tlog\inf2cat-expand.253740.read.1.tlog
e:\learning-certs\notes\dsdriver\dsdriver\x64\debug\dsdriver.tlog\inf2cat-expand.253740.write.1.tlog
e:\learning-certs\notes\dsdriver\dsdriver\x64\debug\dsdriver.tlog\inf2cat-expand.253784.read.1.tlog
e:\learning-certs\notes\dsdriver\dsdriver\x64\debug\dsdriver.tlog\inf2cat-expand.253784.write.1.tlog
e:\learning-certs\notes\dsdriver\dsdriver\x64\debug\dsdriver.tlog\inf2cat-expand.254060.read.1.tlog
e:\learning-certs\notes\dsdriver\dsdriver\x64\debug\dsdriver.tlog\inf2cat-expand.254060.write.1.tlog
e:\learning-certs\notes\dsdriver\dsdriver\x64\debug\dsdriver.tlog\inf2cat-expand.25524.read.1.tlog
e:\learning-certs\notes\dsdriver\dsdriver\x64\debug\dsdriver.tlog\inf2cat-expand.25524.write.1.tlog
e:\learning-certs\notes\dsdriver\dsdriver\x64\debug\dsdriver.tlog\inf2cat-expand.258600.read.1.tlog
e:\learning-certs\notes\dsdriver\dsdriver\x64\debug\dsdriver.tlog\inf2cat-expand.258600.write.1.tlog
e:\learning-certs\notes\dsdriver\dsdriver\x64\debug\dsdriver.tlog\inf2cat-expand.262724.read.1.tlog
e:\learning-certs\notes\dsdriver\dsdriver\x64\debug\dsdriver.tlog\inf2cat-expand.262724.write.1.tlog
e:\learning-certs\notes\dsdriver\dsdriver\x64\debug\dsdriver.tlog\inf2cat-expand.264432.read.1.tlog
e:\learning-certs\notes\dsdriver\dsdriver\x64\debug\dsdriver.tlog\inf2cat-expand.264432.write.1.tlog
e:\learning-certs\notes\dsdriver\dsdriver\x64\debug\dsdriver.tlog\inf2cat-expand.26720.read.1.tlog
e:\learning-certs\notes\dsdriver\dsdriver\x64\debug\dsdriver.tlog\inf2cat-expand.26720.write.1.tlog
e:\learning-certs\notes\dsdriver\dsdriver\x64\debug\dsdriver.tlog\inf2cat-expand.268244.read.1.tlog
e:\learning-certs\notes\dsdriver\dsdriver\x64\debug\dsdriver.tlog\inf2cat-expand.268244.write.1.tlog
e:\learning-certs\notes\dsdriver\dsdriver\x64\debug\dsdriver.tlog\inf2cat-expand.270108.read.1.tlog
e:\learning-certs\notes\dsdriver\dsdriver\x64\debug\dsdriver.tlog\inf2cat-expand.270108.write.1.tlog
e:\learning-certs\notes\dsdriver\dsdriver\x64\debug\dsdriver.tlog\inf2cat-expand.27028.read.1.tlog
e:\learning-certs\notes\dsdriver\dsdriver\x64\debug\dsdriver.tlog\inf2cat-expand.27028.write.1.tlog
e:\learning-certs\notes\dsdriver\dsdriver\x64\debug\dsdriver.tlog\inf2cat-expand.271060.read.1.tlog
e:\learning-certs\notes\dsdriver\dsdriver\x64\debug\dsdriver.tlog\inf2cat-expand.271060.write.1.tlog
e:\learning-certs\notes\dsdriver\dsdriver\x64\debug\dsdriver.tlog\inf2cat-expand.273212.read.1.tlog
e:\learning-certs\notes\dsdriver\dsdriver\x64\debug\dsdriver.tlog\inf2cat-expand.273212.write.1.tlog
e:\learning-certs\notes\dsdriver\dsdriver\x64\debug\dsdriver.tlog\inf2cat-expand.30788.read.1.tlog
e:\learning-certs\notes\dsdriver\dsdriver\x64\debug\dsdriver.tlog\inf2cat-expand.30788.write.1.tlog
e:\learning-certs\notes\dsdriver\dsdriver\x64\debug\dsdriver.tlog\inf2cat-expand.34660.read.1.tlog
e:\learning-certs\notes\dsdriver\dsdriver\x64\debug\dsdriver.tlog\inf2cat-expand.34660.write.1.tlog
e:\learning-certs\notes\dsdriver\dsdriver\x64\debug\dsdriver.tlog\inf2cat-expand.38728.read.1.tlog
e:\learning-certs\notes\dsdriver\dsdriver\x64\debug\dsdriver.tlog\inf2cat-expand.38728.write.1.tlog
e:\learning-certs\notes\dsdriver\dsdriver\x64\debug\dsdriver.tlog\inf2cat-expand.46908.read.1.tlog
e:\learning-certs\notes\dsdriver\dsdriver\x64\debug\dsdriver.tlog\inf2cat-expand.46908.write.1.tlog
e:\learning-certs\notes\dsdriver\dsdriver\x64\debug\dsdriver.tlog\inf2cat-expand.50060.read.1.tlog
e:\learning-certs\notes\dsdriver\dsdriver\x64\debug\dsdriver.tlog\inf2cat-expand.50060.write.1.tlog
e:\learning-certs\notes\dsdriver\dsdriver\x64\debug\dsdriver.tlog\inf2cat-expand.53048.read.1.tlog
e:\learning-certs\notes\dsdriver\dsdriver\x64\debug\dsdriver.tlog\inf2cat-expand.53048.write.1.tlog
e:\learning-certs\notes\dsdriver\dsdriver\x64\debug\dsdriver.tlog\inf2cat-expand.53512.read.1.tlog
e:\learning-certs\notes\dsdriver\dsdriver\x64\debug\dsdriver.tlog\inf2cat-expand.53512.write.1.tlog
e:\learning-certs\notes\dsdriver\dsdriver\x64\debug\dsdriver.tlog\inf2cat-expand.6428.read.1.tlog
e:\learning-certs\notes\dsdriver\dsdriver\x64\debug\dsdriver.tlog\inf2cat-expand.6428.write.1.tlog
e:\learning-certs\notes\dsdriver\dsdriver\x64\debug\dsdriver.tlog\inf2cat-expand.8232.read.1.tlog
e:\learning-certs\notes\dsdriver\dsdriver\x64\debug\dsdriver.tlog\inf2cat-expand.8232.write.1.tlog
e:\learning-certs\notes\dsdriver\dsdriver\x64\debug\dsdriver.tlog\inf2cat-expand.read.1.tlog
e:\learning-certs\notes\dsdriver\dsdriver\x64\debug\dsdriver.tlog\inf2cat-expand.write.1.tlog
e:\learning-certs\notes\dsdriver\dsdriver\x64\debug\dsdriver.tlog\inf2cat.command.1.tlog
e:\learning-certs\notes\dsdriver\dsdriver\x64\debug\dsdriver.tlog\inf2cat.read.1.tlog
e:\learning-certs\notes\dsdriver\dsdriver\x64\debug\dsdriver.tlog\inf2cat.write.1.tlog
e:\learning-certs\notes\dsdriver\dsdriver\x64\debug\dsdriver.tlog\link.command.1.tlog
e:\learning-certs\notes\dsdriver\dsdriver\x64\debug\dsdriver.tlog\link.read.1.tlog
e:\learning-certs\notes\dsdriver\dsdriver\x64\debug\dsdriver.tlog\link.secondary.1.tlog
e:\learning-certs\notes\dsdriver\dsdriver\x64\debug\dsdriver.tlog\link.write.1.tlog
e:\learning-certs\notes\dsdriver\dsdriver\x64\debug\dsdriver.tlog\masm.read.1u.tlog
e:\learning-certs\notes\dsdriver\dsdriver\x64\debug\dsdriver.tlog\masm.write.1u.tlog
e:\learning-certs\notes\dsdriver\dsdriver\x64\debug\dsdriver.tlog\signtool.command.1.tlog
e:\learning-certs\notes\dsdriver\dsdriver\x64\debug\dsdriver.tlog\signtool.read.1.tlog
e:\learning-certs\notes\dsdriver\dsdriver\x64\debug\dsdriver.tlog\signtool.timestamp.1.tlog
e:\learning-certs\notes\dsdriver\dsdriver\x64\debug\dsdriver.tlog\signtool.write.1.tlog
e:\learning-certs\notes\dsdriver\dsdriver\x64\debug\dsdriver.tlog\stampinf.command.1.tlog
e:\learning-certs\notes\dsdriver\dsdriver\x64\debug\dsdriver.tlog\stampinf.read.1.tlog
e:\learning-certs\notes\dsdriver\dsdriver\x64\debug\dsdriver.tlog\stampinf.write.1.tlog
